<?xml version="1.0" encoding="UTF-8"?>
<!-- Generated by org.testng.reporters.JUnitXMLReporter -->
<testsuite ignored="3" hostname="Hp" failures="0" tests="1" name="Default test" time="1.816" errors="0" timestamp="2023-06-29T14:40:13 IST">
  <testcase classname="com.test.LoginTest" name="emptyEmailidField" time="0.111"/>
  <testcase classname="com.test.LoginTest" name="emptyPasswordField" time="0.0">
    <ignored/>
  </testcase> <!-- emptyPasswordField -->
  <testcase classname="com.test.LoginTest" name="loginPageSuccess" time="0.0">
    <ignored/>
  </testcase> <!-- loginPageSuccess -->
  <testcase classname="com.test.LoginTest" name="loginPageFailure" time="0.0">
    <ignored/>
  </testcase> <!-- loginPageFailure -->
</testsuite> <!-- Default test -->
