<?xml version="1.0" encoding="UTF-8"?>
<!-- Generated by org.testng.reporters.JUnitXMLReporter -->
<testsuite ignored="0" hostname="Hp" failures="0" tests="4" name="Default test" time="0.061" errors="0" timestamp="2023-06-27T14:26:18 IST">
  <testcase classname="com.service.OperationTest" name="addTest" time="0.015"/>
  <testcase classname="com.service.OperationTest" name="divTest" time="0.002"/>
  <testcase classname="com.service.OperationTest" name="mulTest" time="0.001"/>
  <testcase classname="com.service.OperationTest" name="subTest" time="0.001"/>
</testsuite> <!-- Default test -->
