<?xml version="1.0" encoding="UTF-8"?>
<testng-results ignored="0" total="1" passed="1" failed="0" skipped="0">
  <reporter-output>
  </reporter-output>
  <suite started-at="2023-06-29T15:20:14 IST" name="Default suite" finished-at="2023-06-29T15:20:22 IST" duration-ms="8218">
    <groups>
    </groups>
    <test started-at="2023-06-29T15:20:14 IST" name="Default test" finished-at="2023-06-29T15:20:22 IST" duration-ms="8218">
      <class name="com.test.GooglePageTest">
        <test-method is-config="true" signature="beforeTest()[pri:0, instance:com.test.GooglePageTest@4f80542f]" started-at="2023-06-29T15:20:14 IST" name="beforeTest" finished-at="2023-06-29T15:20:16 IST" duration-ms="1591" status="PASS">
          <reporter-output>
          </reporter-output>
        </test-method> <!-- beforeTest -->
        <test-method signature="googlePageTest()[pri:0, instance:com.test.GooglePageTest@4f80542f]" started-at="2023-06-29T15:20:16 IST" name="googlePageTest" finished-at="2023-06-29T15:20:22 IST" duration-ms="6596" status="PASS">
          <reporter-output>
          </reporter-output>
        </test-method> <!-- googlePageTest -->
        <test-method is-config="true" signature="afterTest()[pri:0, instance:com.test.GooglePageTest@4f80542f]" started-at="2023-06-29T15:20:22 IST" name="afterTest" finished-at="2023-06-29T15:20:22 IST" duration-ms="1" status="PASS">
          <reporter-output>
          </reporter-output>
        </test-method> <!-- afterTest -->
      </class> <!-- com.test.GooglePageTest -->
    </test> <!-- Default test -->
  </suite> <!-- Default suite -->
</testng-results>
