<?xml version="1.0" encoding="UTF-8"?>
<!-- Generated by org.testng.reporters.JUnitXMLReporter -->
<testsuite ignored="4" hostname="Hp" failures="0" tests="2" name="Test" time="0.035" errors="0" timestamp="2023-06-27T16:50:57 IST">
  <testcase classname="com.service.BikeTest" name="speedTest" time="0.005"/>
  <testcase classname="com.service.CarTest" name="speedTest" time="0.0"/>
  <testcase classname="com.service.BikeTest" name="mailageTest" time="0.0">
    <ignored/>
  </testcase> <!-- mailageTest -->
  <testcase classname="com.service.CarTest" name="mailageTest" time="0.0">
    <ignored/>
  </testcase> <!-- mailageTest -->
  <testcase classname="com.service.BikeTest" name="wheelCodingTest" time="0.0">
    <ignored/>
  </testcase> <!-- wheelCodingTest -->
  <testcase classname="com.service.CarTest" name="wheelCodingTest" time="0.0">
    <ignored/>
  </testcase> <!-- wheelCodingTest -->
</testsuite> <!-- Test -->
