<?xml version="1.0" encoding="UTF-8"?>
<!-- Generated by org.testng.reporters.JUnitXMLReporter -->
<testsuite ignored="0" hostname="Hp" failures="0" tests="9" name="Test" time="0.072" errors="0" timestamp="2023-06-27T16:08:41 IST">
  <testcase classname="com.service.EmployeeServiceTest" name="getAllEmployeeTest" time="0.009"/>
  <testcase classname="com.service.EmployeeServiceTest" name="searchEmployeeTest" time="0.002"/>
  <testcase classname="com.service.EmployeeServiceTest" name="storeEmployeeTest" time="0.001"/>
  <testcase classname="com.service.OperationTest" name="addTest" time="0.002"/>
  <testcase classname="com.service.OperationTest" name="divTest" time="0.002"/>
  <testcase classname="com.service.OperationTest" name="mulTest" time="0.0"/>
  <testcase classname="com.service.OperationTest" name="subTest" time="0.001"/>
  <testcase classname="com.service.TestNGHook" name="test1" time="0.001"/>
  <testcase classname="com.service.TestNGHook" name="test2" time="0.002"/>
</testsuite> <!-- Test -->
